[pofo-template.webflow.io/index.html]
[backblue.gif]
[fade.gif]
[index.html]
[assets.website-files.com/61322765a1ef5761d157e67c/css/pofo-template.webflow.a377da8ed.css]
[assets.website-files.com/61322765a1ef5761d157e67c/61322765a1ef5709c757e6bc_master-fav-dark.jpg]
[assets.website-files.com/61322765a1ef5761d157e67c/61322765a1ef57043d57e6b7_master-logo-dark.jpg]
[assets.website-files.com/61322765a1ef5761d157e67c/61361e29652529f22c668b86_logo.png]
[assets.website-files.com/61322765a1ef5761d157e67c/613727207f809d38099603cf_GlyphRemove_D@2x.png]
[pofo-template.webflow.io/pages/pricing.html]
[assets.website-files.com/61322765a1ef5761d157e67c/613638f6b8e40c4f0bd71229_photo-9.jpg]
[pofo-template.webflow.io/pages/project.html]
[assets.website-files.com/61322765a1ef5761d157e67c/61362b134c8cb883394f9930_photo-2.jpg]
[pofo-template.webflow.io/pages/about.html]
[assets.website-files.com/61322765a1ef5761d157e67c/613639041283d9505d823fd9_photo-11.jpg]
[pofo-template.webflow.io/pages/blog-1.html]
[assets.website-files.com/61322765a1ef5761d157e67c/6136390e22f0ad26b9bb0151_photo-10.jpg]
[pofo-template.webflow.io/pages/contact.html]
[assets.website-files.com/61322765a1ef5761d157e67c/6136377af2878b19a6c2180e_photo-8.jpg]
[assets.website-files.com/61322765a1ef5761d157e67c/61373ec13cb27f568ea5bce2_play-ico.png]
[assets.website-files.com/61322765a1ef5761d157e67c/61373e4e3b972d466cdc0c09_play.png]
[assets.website-files.com/61322765a1ef5761d157e67c/61374cfe88f70a33dcf6fd7b_icons8-brain-480.png]
[assets.website-files.com/61322765a1ef5761d157e67c/61374de268ff1b5222a06f14_icons8-bulb-480.png]
[assets.website-files.com/61322765a1ef5761d157e67c/61374eaeacc106f10596ada4_icons8-shop-480.png]
[assets.website-files.com/61322765a1ef5761d157e67c/61374f10a0e68f48a03cae31_icons8-pen-tool-240 (1).png]
[assets.website-files.com/61322765a1ef5761d157e67c/6137498f68ff1b1434a05f45_photo-14.jpg]
[pofo-template.webflow.io/project/pendisse-pulvinar.html]
[assets.website-files.com/61322765a1ef5725ff57e6ac/61378576e039570200b716ed_pro-6.jpg]
[pofo-template.webflow.io/project/sed-lectus.html]
[assets.website-files.com/61322765a1ef5725ff57e6ac/6137855b62c3a320a8db585c_pro-5.jpg]
[pofo-template.webflow.io/project/quisque-malesuada.html]
[assets.website-files.com/61322765a1ef5725ff57e6ac/613782d9b28fdcea6ad85b2f_pro-3.jpg]
[assets.website-files.com/61322765a1ef5725ff57e6ac/613782c47a680335be4740de_pro-4.jpg]
[assets.website-files.com/61322765a1ef5725ff57e6ac/61378122e0defe3f670bde18_pro-2.jpg]
[assets.website-files.com/61322765a1ef5725ff57e6ac/6137780a89c4885e50600464_pro-1.jpg]
[assets.website-files.com/61322765a1ef5761d157e67c/61378871619a9527f9776a6b_photo-13.jpg]
[assets.website-files.com/61322765a1ef5761d157e67c/61387f7384bf825bdca04cc1_contact.png]
[assets.website-files.com/61322765a1ef5761d157e67c/61387fb5af11f8c93a559354_icons8-arrow-192.png]
[assets.website-files.com/61322765a1ef5761d157e67c/613881c4387ca86fd5dc3abe_logo-5.png]
[assets.website-files.com/61322765a1ef5761d157e67c/6138827a2a669b5aa1b62a41_logo-1.png]
[assets.website-files.com/61322765a1ef5761d157e67c/613882eeab1e41a096ac8cde_logo-2.png]
[assets.website-files.com/61322765a1ef5761d157e67c/613883e375afa0ed5fa6a6e5_logo-3.png]
[assets.website-files.com/61322765a1ef5761d157e67c/613884d0491f4827bd7e7bf9_logo-4.png]
[assets.website-files.com/61322765a1ef5761d157e67c/6138853331dff0c0c7e6d678_logo-5.png]
[assets.website-files.com/61322765a1ef5761d157e67c/613885d41e7cae8699fe7dd6_logo-6.png]
[assets.website-files.com/61322765a1ef5761d157e67c/6138c0b89215b17a5aa2e914_star.png]
[assets.website-files.com/61322765a1ef5761d157e67c/613889dd5ccfd3cd48f097ea_photo-16.jpg]
[pofo-template.webflow.io/post/best-prototyping-tools-for-designers.html]
[assets.website-files.com/61322765a1ef5725ff57e6ac/61389ffbd2ea57ebb505d71f_blog-4.jpg]
[pofo-template.webflow.io/post/10-meaningful-web-design-trends.html]
[assets.website-files.com/61322765a1ef5725ff57e6ac/6138a002c7032720c4a30fe4_blog-3.jpg]
[pofo-template.webflow.io/information/style-guide.html]
[pofo-template.webflow.io/information/licensing.html]
[d3e54v103j8qbb.cloudfront.net/js/jquery-3.5.1.min.dc5e7f18c883ab.js]
[pofo-template.webflow.io/index.html]
[assets.website-files.com/61322765a1ef5761d157e67c/js/webflow.740bc0787.js]
[assets.website-files.com/61322765a1ef5761d157e67c/61373733420524b3de1aaf31_photo-12.jpg]
[assets.website-files.com/61322765a1ef5761d157e67c/6136376f099f0006b8d5be15_photo-7.jpg]
[assets.website-files.com/61322765a1ef5761d157e67c/css/pofo-template.webflow.a377da8ed.css]
[assets.website-files.com/61322765a1ef5761d157e67c/6138c5d9b13caf5cda3129b1_scroll.png]
[assets.website-files.com/61322765a1ef5725ff57e6ac/613a182fea090ffe89edf6e1_icons8-interface-240 (1).png]
[assets.website-files.com/61322765a1ef5725ff57e6ac/613a1828cf175fec245124d6_icons8-brush-240.png]
[assets.website-files.com/61322765a1ef5725ff57e6ac/613a18424b3f307cf7fdc990_icons8-layout-240 (2).png]
[assets.website-files.com/61322765a1ef5761d157e67c/6139e3ef178ba765a929fdfc_icons8-plus-240.png]
[pofo-template.webflow.io/pages/pricing.html]
[pofo-template.webflow.io/pages/project.html]
[assets.website-files.com/61322765a1ef5761d157e67c/6138c7fce52227c95b8c852f_photo-17.jpg]
[assets.website-files.com/61322765a1ef5761d157e67c/6138c975a665e67ebd2f9f35_photo-18.jpg]
[assets.website-files.com/61322765a1ef5761d157e67c/6138c97ea7f1370645f83a55_photo-19.jpg]
[assets.website-files.com/61322765a1ef5761d157e67c/6138d0e8e52227ce948cbb85_team-4.jpg]
[assets.website-files.com/61322765a1ef5761d157e67c/6138d0e8719981b5aea1b332_team-3.jpg]
[assets.website-files.com/61322765a1ef5761d157e67c/6138d0e85b0cb0fdc4390396_team-2.jpg]
[assets.website-files.com/61322765a1ef5761d157e67c/6138d0e84175cd2e4faab688_team-1.jpg]
[assets.website-files.com/61322765a1ef5761d157e67c/6138d32a5bc7d2c004abbafb_photo-20.jpg]
[pofo-template.webflow.io/pages/about.html]
[pofo-template.webflow.io/post/24-amazing-design-books-every-designer-should-read.html]
[assets.website-files.com/61322765a1ef5725ff57e6ac/6138d9f20bdaa244810fb319_photo-22.jpg]
[pofo-template.webflow.io/post/how-to-grow-a-successful-design-team.html]
[assets.website-files.com/61322765a1ef5725ff57e6ac/6138ddf6090462a3e457b750_photo-21.jpg]
[assets.website-files.com/61322765a1ef5725ff57e6ac/61389f8bb33fb3695497dd55_blog-2.jpg]
[assets.website-files.com/61322765a1ef5725ff57e6ac/61389ee199094e66ef808d59_blog-1.jpg]
[pofo-template.webflow.io/pages/blog-1.html]
[assets.website-files.com/61322765a1ef5761d157e67c/6139db2cb9efb0d9ff8a477c_photo-23.jpg]
[pofo-template.webflow.io/pages/contact.html]
[assets.website-files.com/61322765a1ef5725ff57e6ac/613a0f2427abb768c2fb7745_photo-25.jpg]
[assets.website-files.com/61322765a1ef5725ff57e6ac/613a0f2605f49bfae1a9bd91_photo-24.jpg]
[pofo-template.webflow.io/project/pendisse-pulvinar.html]
[assets.website-files.com/61322765a1ef5725ff57e6ac/613a114dd9cb6355b24f6c07_photo-26.jpg]
[assets.website-files.com/61322765a1ef5725ff57e6ac/613a114f75bf6782f3afc793_photo-27.jpg]
[pofo-template.webflow.io/project/sed-lectus.html]
[assets.website-files.com/61322765a1ef5725ff57e6ac/613a119570130acf3ab2ac25_photo-28.jpg]
[assets.website-files.com/61322765a1ef5725ff57e6ac/613a119aea31865ce83651d1_photo-29.jpg]
[pofo-template.webflow.io/project/quisque-malesuada.html]
[pofo-template.webflow.io/post/best-prototyping-tools-for-designers.html]
[pofo-template.webflow.io/post/10-meaningful-web-design-trends.html]
[assets.website-files.com/61322765a1ef5761d157e67c/6139ea547cd6d25bef551a5a_photo-21.jpg]
[pofo-template.webflow.io/information/style-guide.html]
[assets.website-files.com/61322765a1ef5761d157e67c/61362a23b09fb14a8fb96d58_photo-1.jpg]
[pofo-template.webflow.io/information/licensing.html]
[pofo-template.webflow.io/post/24-amazing-design-books-every-designer-should-read.html]
[pofo-template.webflow.io/post/how-to-grow-a-successful-design-team.html]
[pofo-template.webflow.io/checkout.html]
[pofo-template.webflow.io/project/pellentesque-posuere.html]
[pofo-template.webflow.io/project/praesent-blandit.html]
[pofo-template.webflow.io/project/vivamus-elementum-semper.html]
[pofo-template.webflow.io/post-category/inspiration.html]
[pofo-template.webflow.io/post-category/tutorials.html]
[pofo-template.webflow.io/post-category/announcement.html]
[pofo-template.webflow.io/post/how-to-bring-pofo-to-your-company.html]
[pofo-template.webflow.io/post/why-your-client-needs-a-responsive-website.html]
[pofo-template.webflow.io/project/_https_/assets.website-files.com/61322765a1ef5725ff57e6ac/61378576e039570200b716ed_pro-6.html]
[pofo-template.webflow.io/project/_https_/assets.website-files.com/61322765a1ef5725ff57e6ac/6137855b62c3a320a8db585c_pro-5.html]
[pofo-template.webflow.io/project/_https_/assets.website-files.com/61322765a1ef5725ff57e6ac/613782d9b28fdcea6ad85b2f_pro-3.html]
[pofo-template.webflow.io/post/_https_/assets.website-files.com/61322765a1ef5725ff57e6ac/61389ffbd2ea57ebb505d71f_blog-4.html]
[pofo-template.webflow.io/post/_https_/assets.website-files.com/61322765a1ef5725ff57e6ac/6138a002c7032720c4a30fe4_blog-3.html]
[pofo-template.webflow.io/post/_https_/assets.website-files.com/61322765a1ef5725ff57e6ac/6138d9f20bdaa244810fb319_photo-22.html]
[pofo-template.webflow.io/post/_https_/assets.website-files.com/61322765a1ef5725ff57e6ac/6138ddf6090462a3e457b750_photo-21.html]
