[nyska.webflow.io/index.html]
[backblue.gif]
[fade.gif]
[index.html]
[assets.website-files.com/6055e17ce08cca9c6f339e49/css/nyska.webflow.f7b576dec.css]
[assets.website-files.com/6055e17ce08cca9c6f339e49/60edc31bdc8d505da8a26d6f_Frame 194.png]
[assets.website-files.com/6055e17ce08cca9c6f339e49/60edc345dc8d507bb3a26daa_Frame 195.png]
[nyska.webflow.io/about.html]
[nyska.webflow.io/case-studies-slider.html]
[nyska.webflow.io/testimonials.html]
[assets.website-files.com/6055e17ce08cca9c6f339e49/6056242ed954038d275b8d1c_Hero Photo (1).jpg]
[nyska.webflow.io/case-studies/woldie.html]
[assets.website-files.com/605631f6b7451c1fb37f8b2b/605a1d9cdfdb657abee88688_6026394543ad451855e13d9b_woldie-1-p-1080 (1).jpg]
[assets.website-files.com/605631f6b7451c1fb37f8b2b/605a2217540d256785fb5da0_5f934c1db75a085d0e85dbe4_functionity-1-p-1080 (2).jpg]
[nyska.webflow.io/case-studies/tuido.html]
[assets.website-files.com/605631f6b7451c1fb37f8b2b/605a2e33b0bbbaf887feedab_5fc674327aeed6357696c1c7_tuido1-p-1080.jpg]
[assets.website-files.com/605631f6b7451c1fb37f8b2b/605a2f04b0bbbaed33fef13f_5f6286a07e160e2575a0edd8_churchy-1-p-1080.jpg]
[assets.website-files.com/605631f6b7451c1fb37f8b2b/605a30b65fbc720ba5961711_5ea860161cdfa2b857b64338_hotely-1-p-1080.jpg]
[nyska.webflow.io/team/mac.html]
[assets.website-files.com/605631f6b7451c1fb37f8b2b/60ed55f3a0d4554a7e64b90d_6056625e4e987f763e3cab08_pexels-photo-6652928 3 (1) (1).jpg]
[assets.website-files.com/605631f6b7451c1fb37f8b2b/60ed56285d42e01f0a2a7929_605662799ea8067981f24db9_pexels-sinitta-leunen-6577900 2 (1) (1).jpg]
[assets.website-files.com/605631f6b7451c1fb37f8b2b/60ed564f0d65c875767bcb0e_605662974e987f754f3cab5d_pexels-sinitta-leunen-5604130 2 (1) (1).jpg]
[nyska.webflow.io/team/olivia.html]
[assets.website-files.com/605631f6b7451c1fb37f8b2b/60ed5673d3345180d5dd9e35_605662c61460d1d51b0d69fa_pexels-photo-5540773 2 (1).jpg]
[nyska.webflow.io/team/maya.html]
[assets.website-files.com/605631f6b7451c1fb37f8b2b/60ed5695bf73ebd5ec58a9ad_605662de06fa6299494bebff_pexels-sinitta-leunen-5014210 3 (1) (1).jpg]
[assets.website-files.com/605631f6b7451c1fb37f8b2b/60ed5730b8a1757924815ea2_photo-1610902188765-fcdeff499d75 1 (1).jpg]
[nyska.webflow.io/post/designers-who-changed-the-web.html]
[d3e54v103j8qbb.cloudfront.net/js/jquery-3.5.1.min.dc5e7f18c8885a.js]
[nyska.webflow.io/index.html]
[assets.website-files.com/6055e17ce08cca9c6f339e49/css/nyska.webflow.f7b576dec.css]
[assets.website-files.com/6055e17ce08cca9c6f339e49/js/webflow.258193215.js]
[assets.website-files.com/6055e17ce08cca9c6f339e49/60ec8c091e108b16d744d30b_pexels-photo-6140672 1 (2) (1) (1) (1).jpg]
[nyska.webflow.io/about.html]
[assets.website-files.com/605631f6b7451c1fb37f8b2b/605f33a0ef79d65ea6b2f9c9_602639453b4948a5525cc42a_woldie-2.jpg]
[assets.website-files.com/605631f6b7451c1fb37f8b2b/605f33a3343bd785835651d8_602639451d7b52ac8c33d5e0_woldie-3.jpg]
[assets.website-files.com/605631f6b7451c1fb37f8b2b/605f50f20c9dff6c8fbd7a25_5f934c1d3c3f1062e0dbfbf5_functionity-2.jpg]
[assets.website-files.com/605631f6b7451c1fb37f8b2b/605f50f423692b4422769702_5f934c1cc981fb3da79df7c4_functionity-4.jpg]
[assets.website-files.com/605631f6b7451c1fb37f8b2b/605f50c0db9ddcaf148da924_5fc6743255e5b937a9ad2add_tuido2.jpg]
[assets.website-files.com/605631f6b7451c1fb37f8b2b/605f50c27fdaa486775be5ae_5fc67432bdd770306f4e0dd0_tuido3.jpg]
[assets.website-files.com/605631f6b7451c1fb37f8b2b/605f511072911403cc327c4d_5f6286a08ae5514da100c54d_churchy-2.jpg]
[assets.website-files.com/605631f6b7451c1fb37f8b2b/605f51128c5edccdd08e6616_5f6286a0de12ba4bd7fbc267_churchy-3.jpg]
[assets.website-files.com/605631f6b7451c1fb37f8b2b/605f51501d2984b5ea357e01_5ea86019a8517d441f467a59_hotely-2.jpg]
[assets.website-files.com/605631f6b7451c1fb37f8b2b/605f5153007f8683e3743676_5ea8601e598f9a5b8e051f4a_hotely-3.jpg]
[nyska.webflow.io/case-studies-slider.html]
[nyska.webflow.io/testimonials.html]
[nyska.webflow.io/case-studies/woldie.html]
[nyska.webflow.io/case-studies/tuido.html]
[nyska.webflow.io/team/mac.html]
[nyska.webflow.io/team/olivia.html]
[nyska.webflow.io/team/maya.html]
[nyska.webflow.io/post/20-myths-about-web-design.html]
[assets.website-files.com/605631f6b7451c1fb37f8b2b/605f5f30b72627939265384a_1616863024122-image17.jpg]
[assets.website-files.com/605631f6b7451c1fb37f8b2b/605f5f30729114d7b33300e7_1616863024171-image11.jpg]
[assets.website-files.com/605631f6b7451c1fb37f8b2b/605f5f305fb1190aeb6f0aa9_1616863024169-image8.jpg]
[assets.website-files.com/605631f6b7451c1fb37f8b2b/605f5f3002e9b5c836f03bb9_1616863024175-image7.jpg]
[nyska.webflow.io/post/designers-who-changed-the-web.html]
[assets.website-files.com/605631f6b7451c1fb37f8b2b/605f5f30db9ddcc40a8df0ba_1616863024038-image16.jpg]
[nyska.webflow.io/post/20-myths-about-web-design.html]
[nyska.webflow.io/services]
[nyska.webflow.io/team-categories]
[nyska.webflow.io/blog]
[nyska.webflow.io/career]
[nyska.webflow.io/style-guide]
[nyska.webflow.io/contact]
[nyska.webflow.io/case-studies/functionity]
[nyska.webflow.io/case-studies/churchy]
[nyska.webflow.io/case-studies/hotely]
[nyska.webflow.io/team/claudia]
[nyska.webflow.io/team/karen]
[nyska.webflow.io/team/alan.html]
[nyska.webflow.io/post/14-common-misconceptions-about-web-design]
[nyska.webflow.io/post/10-quick-tips-about-blogging]
[nyska.webflow.io/case-studies]
[nyska.webflow.io/license-page]
[nyska.webflow.io/references/they-took-my-brand-to-the-next-level-4]
[nyska.webflow.io/references/they-took-my-brand-to-the-next-level-3]
[nyska.webflow.io/references/they-took-my-brand-to-the-next-level-2]
[nyska.webflow.io/references/they-took-my-brand-to-the-next-level]
[nyska.webflow.io/post/7-things-about-web-design-your-boss-wants-to-know.html]
