[byra.webflow.io/index.html]
[backblue.gif]
[fade.gif]
[index.html]
[assets.website-files.com/5f5f94343affd51e900cd45c/css/byra.webflow.c2bcf963e.css]
[ajax.googleapis.com/ajax/libs/webfont/1.6.26/webfont.js]
[assets.website-files.com/5f5f94343affd51e900cd45c/5f5f94343affd538c90cd4b0_favicon32x32.jpg]
[assets.website-files.com/5f5f94343affd51e900cd45c/5f5f94343affd55d2f0cd4b1_favicon256x256.jpg]
[assets.website-files.com/5f5f94343affd51e900cd45c/5f5f94343affd5b1270cd478_about-us.jpg]
[assets.website-files.com/5f5f94343affd51e900cd45c/5f5f94343affd53fe00cd47a_about-us3.jpg]
[assets.website-files.com/5f5f94343affd51e900cd45c/5f5f94343affd529120cd479_about-us2.jpg]
[assets.website-files.com/5f5f94343affd51e900cd45c/5f5f94343affd532f70cd4a3_featuredproject-(1).jpg]
[assets.website-files.com/5f5f94343affd51e900cd45c/5f5f94343affd52a750cd47b_portfolio1lsx.jpg]
[assets.website-files.com/5f5f94343affd51e900cd45c/5f5f94343affd57bbd0cd487_portfolio1ldx.jpg]
[assets.website-files.com/5f5f94343affd51e900cd45c/5f5f94343affd595bd0cd481_portfolio2lsx.jpg]
[assets.website-files.com/5f5f94343affd51e900cd45c/5f5f94343affd568fd0cd488_portfolio2ldx.jpg]
[assets.website-files.com/5f5f94343affd51e900cd45c/5f5f94343affd588eb0cd482_portfolio3lsx.jpg]
[assets.website-files.com/5f5f94343affd51e900cd45c/5f5f94343affd53ecc0cd489_portfolio3ldx.jpg]
[assets.website-files.com/5f5f94343affd51e900cd45c/5f5f94343affd5b6850cd483_portfolio4lsx.jpg]
[assets.website-files.com/5f5f94343affd51e900cd45c/5f5f94343affd5aedb0cd48a_portfolio4ldx.jpg]
[assets.website-files.com/5f5f94343affd51e900cd45c/5f5f94343affd566420cd484_portfolio5lsx.jpg]
[assets.website-files.com/5f5f94343affd51e900cd45c/5f5f94343affd508e40cd48b_portfolio5ldx.jpg]
[assets.website-files.com/5f5f94343affd51e900cd45c/5f5f94343affd51dfc0cd49e_1.jpg]
[assets.website-files.com/5f5f94343affd51e900cd45c/5f5f94343affd5754a0cd49c_2.jpg]
[assets.website-files.com/5f5f94343affd51e900cd45c/5f5f94343affd529c70cd49f_3.jpg]
[assets.website-files.com/5f5f94343affd51e900cd45c/5f5f94343affd53d630cd49d_4.jpg]
[d3e54v103j8qbb.cloudfront.net/js/jquery-3.5.1.min.dc5e7f18c83de6.js]
[byra.webflow.io/index.html]
[assets.website-files.com/5f5f94343affd51e900cd45c/js/webflow.dbb51101b.js]
[assets.website-files.com/5f5f94343affd51e900cd45c/5f5f94343affd552150cd475_heroimage1.jpg]
[assets.website-files.com/5f5f94343affd51e900cd45c/5f5f94343affd552cb0cd476_heroimage2.jpg]
[assets.website-files.com/5f5f94343affd51e900cd45c/5f5f94343affd5647e0cd49a_portfolio.jpg]
[assets.website-files.com/5f5f94343affd51e900cd45c/5f5f94343affd5648e0cd496_portfoliosx.jpg]
[assets.website-files.com/5f5f94343affd51e900cd45c/5f5f94343affd55eb70cd499_portfoliodx.jpg]
[assets.website-files.com/5f5f94343affd51e900cd45c/5f5f94343affd533800cd47c_portfolio1C.jpg]
[assets.website-files.com/5f5f94343affd51e900cd45c/5f5f94343affd54d800cd47d_portfolio2C.jpg]
[assets.website-files.com/5f5f94343affd51e900cd45c/5f5f94343affd53c700cd47e_portfolio3C.jpg]
[assets.website-files.com/5f5f94343affd51e900cd45c/5f5f94343affd5ed3c0cd47f_portfolio4C.jpg]
[assets.website-files.com/5f5f94343affd51e900cd45c/5f5f94343affd5a5f90cd480_portfolio5C.jpg]
[assets.website-files.com/5f5f94343affd51e900cd45c/5f5f94343affd578f50cd4a5_parallasse.jpg]
[assets.website-files.com/5f5f94343affd51e900cd45c/css/byra.webflow.c2bcf963e.css]
