[rewind-single-page.webflow.io/index.html]
[backblue.gif]
[fade.gif]
[index.html]
[assets.website-files.com/602682135feffbb25b6df0ae/css/rewind-single-page.webflow.633ad21de.css]
[ajax.googleapis.com/ajax/libs/webfont/1.6.26/webfont.js]
[assets.website-files.com/602682135feffbb25b6df0ae/602682135feffbe3046df12c_favicon32x32.jpg]
[assets.website-files.com/602682135feffbb25b6df0ae/602682135feffb50586df12d_favicon256x256.jpg]
[assets.website-files.com/602682135feffbb25b6df0ae/602682135feffb48386df0cf_pexels-lisa-fotios-3121927 (1).jpg]
[assets.website-files.com/602682135feffbb25b6df0ae/602682135feffbc30b6df0d3_pexels-hoang-loc-2524145 (1).jpg]
[assets.website-files.com/602682135feffbb25b6df0ae/602682135feffb3e2a6df0d2_pexels-aidan-roof-2449595 (1).jpg]
[assets.website-files.com/602682135feffbb25b6df0ae/602682135feffbca2b6df0d0_pexels-chay-garcía-2910028 (1).jpg]
[assets.website-files.com/602682135feffbb25b6df0ae/602682135feffb525c6df0d1_pexels-aidan-roof-2449594 (1).jpg]
[assets.website-files.com/602682135feffbb25b6df0ae/602682135feffb2d856df0e5_about2.jpg]
[assets.website-files.com/602682135feffbb25b6df0ae/602682135feffb91a76df0e6_about1.jpg]
[assets.website-files.com/602682135feffbb25b6df0ae/602682135feffb78946df0ec_5.jpg]
[assets.website-files.com/602682135feffbb25b6df0ae/602682135feffb30d16df0ef_2.jpg]
[assets.website-files.com/602682135feffbb25b6df0ae/602682135feffb279e6df0e7_28.jpg]
[assets.website-files.com/602682135feffbb25b6df0ae/602682135feffb78f96df0ed_11.jpg]
[assets.website-files.com/602682135feffbb25b6df0ae/602682135feffb03a26df0ee_29.jpg]
[assets.website-files.com/602682135feffbb25b6df0ae/602682135feffb1e826df0e9_7.jpg]
[assets.website-files.com/602682135feffbb25b6df0ae/602682135feffb880d6df0ea_8.jpg]
[assets.website-files.com/602682135feffbb25b6df0ae/602682135feffbc6786df0eb_25.jpg]
[assets.website-files.com/602682135feffbb25b6df0ae/602682135feffb9c376df0e8_17.jpg]
[d3e54v103j8qbb.cloudfront.net/js/jquery-3.5.1.min.dc5e7f18c81f4e.js]
[rewind-single-page.webflow.io/index.html]
[assets.website-files.com/602682135feffbb25b6df0ae/js/webflow.17f1fb835.js]
[assets.website-files.com/602682135feffbb25b6df0ae/602682135feffb16e06df0ca_1.jpg]
[assets.website-files.com/602682135feffbb25b6df0ae/602682135feffb26676df0cb_2.jpg]
[assets.website-files.com/602682135feffbb25b6df0ae/602682135feffbead86df0cc_3.jpg]
[assets.website-files.com/602682135feffbb25b6df0ae/602682135feffb97ca6df0cd_4.jpg]
[assets.website-files.com/602682135feffbb25b6df0ae/602682135feffb73fa6df114_1.jpg]
[assets.website-files.com/602682135feffbb25b6df0ae/602682135feffbea946df115_2.jpg]
[assets.website-files.com/602682135feffbb25b6df0ae/602682135feffb08e06df116_3.jpg]
[assets.website-files.com/602682135feffbb25b6df0ae/602682135feffbea076df117_4.jpg]
[assets.website-files.com/602682135feffbb25b6df0ae/602682135feffb516f6df118_5.jpg]
[assets.website-files.com/602682135feffbb25b6df0ae/602682135feffb15a46df119_6.jpg]
[assets.website-files.com/602682135feffbb25b6df0ae/602682135feffbf5826df11a_7.jpg]
[assets.website-files.com/602682135feffbb25b6df0ae/602682135feffb0b0a6df11b_8.jpg]
[assets.website-files.com/602682135feffbb25b6df0ae/602682135feffb6a956df11c_9.jpg]
[assets.website-files.com/602682135feffbb25b6df0ae/css/rewind-single-page.webflow.633ad21de.css]
[rewind-single-page.webflow.io/_https_/assets.website-files.com/601aaba1192d007c924fd2de/601aaf1d95dc4c0cdb9340eb_production ID_4990237-poster-00001.jpg_]
[rewind-single-page.webflow.io/_https_/assets.website-files.com/601aaba1192d007c924fd2de/601abd0e6cf274dd57e34ed7_1-poster-00001.jpg_]
[rewind-single-page.webflow.io/_https_/assets.website-files.com/601aaba1192d007c924fd2de/601abd5850ecb5edaa97b0c7_2-poster-00001.jpg_]
[rewind-single-page.webflow.io/_https_/assets.website-files.com/601aaba1192d007c924fd2de/601abd8095dc4c5ffd9379d5_3-poster-00001.jpg_]
[rewind-single-page.webflow.io/_https_/assets.website-files.com/601aaba1192d007c924fd2de/601abdd22da74a1fa62f06cf_4-poster-00001.jpg_]
[rewind-single-page.webflow.io/_https_/assets.website-files.com/601aaba1192d007c924fd2de/601bacac941a45e159345891_Video-1-poster-00001.jpg_]
[rewind-single-page.webflow.io/_https_/assets.website-files.com/601aaba1192d007c924fd2de/601bab4a5b72a0400ebe71f8_Video-1-1-poster-00001.jpg_]
[rewind-single-page.webflow.io/_https_/assets.website-files.com/601aaba1192d007c924fd2de/601bac96ac78e595c646c4aa_Pexels Videos 1994828-1-poster-00001.jpg_]
[rewind-single-page.webflow.io/_https_/assets.website-files.com/601aaba1192d007c924fd2de/601bac51c81f1e3eb9a43ef9_Pexels Videos 2022396-1-poster-00001.jpg_]
[rewind-single-page.webflow.io/_https_/assets.website-files.com/601aaba1192d007c924fd2de/602145ef1de37c59fb520afc_video1-poster-00001.jpg_]
[rewind-single-page.webflow.io/_https_/assets.website-files.com/601aaba1192d007c924fd2de/602148c517fd0db087feef3e_Video 2-poster-00001.jpg_]
[rewind-single-page.webflow.io/_https_/assets.website-files.com/601aaba1192d007c924fd2de/6021490975a59cfc4ead87a7_video3-poster-00001.jpg_]
[rewind-single-page.webflow.io/_https_/assets.website-files.com/601aaba1192d007c924fd2de/602149d1b5fd30503ef3fa1e_video4-poster-00001.jpg_]
[rewind-single-page.webflow.io/_https_/assets.website-files.com/601aaba1192d007c924fd2de/60214a56f4ce0c82cb213c56_video5-poster-00001.jpg_]
[rewind-single-page.webflow.io/_https_/assets.website-files.com/601aaba1192d007c924fd2de/60214afcbc3df405efc2db07_video6-poster-00001.jpg_]
[rewind-single-page.webflow.io/_https_/assets.website-files.com/601aaba1192d007c924fd2de/60214be0a26597df54884e47_Video7-poster-00001.jpg_]
[rewind-single-page.webflow.io/_https_/assets.website-files.com/601aaba1192d007c924fd2de/60214c8942193759765756cf_video8-poster-00001.jpg_]
[rewind-single-page.webflow.io/_https_/assets.website-files.com/601aaba1192d007c924fd2de/60214d01f4ce0c61bf21487e_Video 9-poster-00001.jpg_]
